<?xml version="1.0" encoding="UTF-8"?>
<!-- Generated by org.testng.reporters.JUnitXMLReporter -->
<testsuite ignored="2" hostname="gabbyDEVOPs" failures="0" tests="4" name="Test" time="4.319" errors="0" timestamp="2025-07-28T21:18:16 BST">
  <testcase classname="test.BasicValidation" name="emailPlaceholderValidation" time="0.152"/>
  <testcase classname="test.BasicValidation" name="passwordPlaceholderValidation" time="0.031"/>
  <testcase classname="test.BasicValidation" name="urlValidation" time="0.012"/>
  <testcase classname="test.BasicValidation" name="welcomeMessageValidation" time="0.042"/>
  <testcase classname="test.BaseTest" name="@AfterTest aftertest" time="0.0">
    <ignored/>
  </testcase> <!-- @AfterTest aftertest -->
  <testcase classname="test.BaseTest" name="@BeforeTest beforetest" time="0.0">
    <ignored/>
  </testcase> <!-- @BeforeTest beforetest -->
</testsuite> <!-- Test -->
